<?xml version="1.0" encoding="UTF-8"?>
<!-- Generated by org.testng.reporters.JUnitReportReporter -->
<testsuite hostname="DESKTOP-F9H3NHJ" failures="0" tests="1" name="Demo.Jenkines.SQL" time="35.504" errors="0" timestamp="2023-06-02T20:05:22 IST" skipped="0">
  <testcase classname="Demo.Jenkines.SQL" name="openSQLCourse" time="35.504"/>
  <system-out/>
</testsuite> <!-- Demo.Jenkines.SQL -->
