<?xml version="1.0" encoding="UTF-8"?>
<!-- Generated by org.testng.reporters.JUnitReportReporter -->
<testsuite skipped="0" hostname="DESKTOP-F9H3NHJ" name="Demo.Jenkines.AppTest" tests="1" failures="0" timestamp="2023-06-02T20:31:26 IST" time="0.005" errors="0">
  <testcase name="testApp" time="0.005" classname="Demo.Jenkines.AppTest"/>
  <system-out/>
</testsuite> <!-- Demo.Jenkines.AppTest -->
